[OK] Wrote output/logs/features_columns.txt (95 columns)
[DEBUG] Present targets: []
[DEBUG] Missing targets: ['qb_passing_yards', 'rb_rushing_yards', 'wr_rec_yards', 'wrte_receptions']
[OK] Wrote output/logs/features_columns.txt (95 columns)
[OK] Suggested top-10 matches per target -> output/logs/targets_suggestions.json
[SUGGEST] qb_passing_yards: passing_yards, passing_air_yards, passing_yards_roll3, passing_yards_after_catch, passing_air_yards_roll3
[SUGGEST] rb_rushing_yards: rushing_yards, rushing_yards_roll3, passing_yards, sack_yards, receiving_yards
[SUGGEST] wr_rec_yards: passing_yards, sack_yards, rushing_yards, receiving_yards, passing_air_yards
[SUGGEST] wrte_receptions: receptions, receptions_roll3, passing_yards_after_catch, receiving_yards, receiving_air_yards
[OK] Wrote output/logs/features_columns.txt (95 columns)
[OK] Suggested top-10 matches per target -> output/logs/targets_suggestions.json
[SUGGEST] passing_yards: passing_yards, passing_yards_roll3, passing_yards_after_catch, passing_yards_after_catch_roll3, passing_air_yards
[SUGGEST] rushing_yards: rushing_yards, rushing_yards_roll3, passing_yards, sack_yards, receiving_yards
[SUGGEST] receiving_yards: receiving_yards, receiving_yards_roll3, receiving_yards_after_catch, receiving_yards_after_catch_roll3, receiving_air_yards
[SUGGEST] receptions: receptions, receptions_roll3, passing_yards, sack_yards, passing_air_yards
[OK] Wrote output/logs/features_columns.txt (95 columns)
[OK] Suggested top-10 matches per target -> output/logs/targets_suggestions.json
[SUGGEST] passing_yards: passing_yards, passing_yards_roll3, passing_yards_after_catch, passing_yards_after_catch_roll3, passing_air_yards
[SUGGEST] rushing_yards: rushing_yards, rushing_yards_roll3, passing_yards, sack_yards, receiving_yards
[SUGGEST] receiving_yards: receiving_yards, receiving_yards_roll3, receiving_yards_after_catch, receiving_yards_after_catch_roll3, receiving_air_yards
[SUGGEST] receptions: receptions, receptions_roll3, passing_yards, sack_yards, passing_air_yards
[OK] Wrote output/logs/features_columns.txt (95 columns)
[OK] Suggested top-10 matches per target -> output/logs/targets_suggestions.json
[SUGGEST] passing_yards: passing_yards, passing_yards_roll3, passing_yards_after_catch, passing_yards_after_catch_roll3, passing_air_yards
[SUGGEST] rushing_yards: rushing_yards, rushing_yards_roll3, passing_yards, sack_yards, receiving_yards
[SUGGEST] receiving_yards: receiving_yards, receiving_yards_roll3, receiving_yards_after_catch, receiving_yards_after_catch_roll3, receiving_air_yards
[SUGGEST] receptions: receptions, receptions_roll3, passing_yards, sack_yards, passing_air_yards
[SUGGEST] completions: completions, completions_roll3, passing_yards, sack_yards, passing_air_yards
[SUGGEST] passing_tds: passing_tds, passing_tds_roll3, passing_yards, passing_air_yards, passing_yards_roll3
[SUGGEST] interceptions: interceptions, interceptions_roll3, passing_yards, sack_yards, passing_air_yards
[SUGGEST] rushing_tds: rushing_tds, rushing_tds_roll3, rushing_yards, rushing_yards_roll3, passing_tds
[SUGGEST] targets: targets, targets_roll3, target_share, target_share_roll3, passing_yards
[SUGGEST] receiving_tds: receiving_tds, receiving_tds_roll3, receiving_yards, receiving_air_yards, receiving_yards_roll3
[SUGGEST] sacks: sacks, sacks_roll3, passing_yards, sack_yards, passing_air_yards
[SUGGEST] pass_attempts: attempts, attempts_roll3, passing_yards, sack_yards, passing_air_yards
[SUGGEST] rush_attempts: attempts, attempts_roll3, passing_yards, sack_yards, passing_air_yards
[SUGGEST] qb_sacks_taken: sacks, sacks_roll3, passing_yards, sack_yards, passing_air_yards
[SUGGEST] qb_rush_yards: passing_yards, sack_yards, rushing_yards, receiving_yards, passing_air_yards
[SUGGEST] qb_rush_attempts: attempts, attempts_roll3, passing_yards, sack_yards, passing_air_yards
[SUGGEST] rushing_long: rushing_yards, rushing_yards_roll3, rushing_tds, rushing_fumbles, rushing_epa
[SUGGEST] longest_reception: passing_yards, sack_yards, passing_air_yards, passing_yards_after_catch, rushing_yards
[SUGGEST] field_goals_made: passing_yards, sack_yards, passing_air_yards, passing_yards_after_catch, rushing_yards
[SUGGEST] field_goals_attempted: passing_yards, sack_yards, passing_air_yards, passing_yards_after_catch, rushing_yards
[SUGGEST] longest_field_goal: passing_yards, sack_yards, passing_air_yards, passing_yards_after_catch, rushing_yards
[SUGGEST] kicking_points: fantasy_points, fantasy_points_ppr, fantasy_points_roll3, fantasy_points_ppr_roll3, passing_yards
[SUGGEST] tackles_combined: passing_yards, sack_yards, passing_air_yards, passing_yards_after_catch, rushing_yards
[SUGGEST] tackles_assists: passing_yards, sack_yards, passing_air_yards, passing_yards_after_catch, rushing_yards
[SUGGEST] interceptions_def: interceptions, interceptions_roll3, passing_yards, sack_yards, passing_air_yards
[SUGGEST] passes_defended: passing_yards, sack_yards, passing_air_yards, passing_yards_after_catch, rushing_yards
[SUGGEST] anytime_td: passing_yards, sack_yards, passing_air_yards, passing_yards_after_catch, rushing_yards
[SUGGEST] team_points_for: team, fantasy_points, fantasy_points_ppr, fantasy_points_roll3, passing_yards
[SUGGEST] game_total_points: fantasy_points, fantasy_points_ppr, fantasy_points_roll3, passing_yards, sack_yards
