Wrote: data/raw/nflverse/weekly_latest.csv.gz
Wrote: data/raw/nflverse/weekly_latest.parquet
Wrote: data/raw/nflverse/weekly_latest.head100.csv.gz
Wrote: data/raw/nflverse/weekly_manifest_latest.csv.gz
Weekly rows: 5597 | SHA256: 15d14f30d9de...
Wrote: data/raw/nflverse/rosters_latest.csv.gz
Wrote: data/raw/nflverse/rosters_latest.parquet
Wrote: data/raw/nflverse/rosters_latest.head100.csv.gz
Wrote: data/raw/nflverse/rosters_manifest_latest.csv.gz
Rosters rows: 2670 | SHA256: be0df5ff3b6c...
Wrote: data/raw/nflverse/weekly_latest.csv.gz
Wrote: data/raw/nflverse/weekly_latest.parquet
Wrote: data/raw/nflverse/weekly_latest.head100.csv.gz
Wrote: data/raw/nflverse/weekly_manifest_latest.csv.gz
Weekly rows: 5597 | SHA256: 15d14f30d9de...
Wrote: data/raw/nflverse/rosters_latest.csv.gz
Wrote: data/raw/nflverse/rosters_latest.parquet
Wrote: data/raw/nflverse/rosters_latest.head100.csv.gz
Wrote: data/raw/nflverse/rosters_manifest_latest.csv.gz
Rosters rows: 2686 | SHA256: b4ec8177e31c...
Wrote: data/raw/nflverse/weekly_latest.csv.gz
Wrote: data/raw/nflverse/weekly_latest.parquet
Wrote: data/raw/nflverse/weekly_latest.head100.csv.gz
Wrote: data/raw/nflverse/weekly_manifest_latest.csv.gz
Weekly rows: 5597 | SHA256: 15d14f30d9de...
Wrote: data/raw/nflverse/rosters_latest.csv.gz
Wrote: data/raw/nflverse/rosters_latest.parquet
Wrote: data/raw/nflverse/rosters_latest.head100.csv.gz
Wrote: data/raw/nflverse/rosters_manifest_latest.csv.gz
Rosters rows: 2686 | SHA256: b4ec8177e31c...
Wrote: data/raw/nflverse/weekly_latest.csv.gz
Wrote: data/raw/nflverse/weekly_latest.parquet
Wrote: data/raw/nflverse/weekly_latest.head100.csv.gz
Wrote: data/raw/nflverse/weekly_manifest_latest.csv.gz
Weekly rows: 5597 | SHA256: 15d14f30d9de...
Wrote: data/raw/nflverse/rosters_latest.csv.gz
Wrote: data/raw/nflverse/rosters_latest.parquet
Wrote: data/raw/nflverse/rosters_latest.head100.csv.gz
Wrote: data/raw/nflverse/rosters_manifest_latest.csv.gz
Rosters rows: 2686 | SHA256: b4ec8177e31c...
Wrote: data/raw/nflverse/weekly_latest.csv.gz
Wrote: data/raw/nflverse/weekly_latest.parquet
Wrote: data/raw/nflverse/weekly_latest.head100.csv.gz
Wrote: data/raw/nflverse/weekly_manifest_latest.csv.gz
Weekly rows: 5597 | SHA256: 15d14f30d9de...
Wrote: data/raw/nflverse/rosters_latest.csv.gz
Wrote: data/raw/nflverse/rosters_latest.parquet
Wrote: data/raw/nflverse/rosters_latest.head100.csv.gz
Wrote: data/raw/nflverse/rosters_manifest_latest.csv.gz
Rosters rows: 2686 | SHA256: b4ec8177e31c...
Wrote: data/raw/nflverse/weekly_latest.csv.gz
Wrote: data/raw/nflverse/weekly_latest.parquet
Wrote: data/raw/nflverse/weekly_latest.head100.csv.gz
Wrote: data/raw/nflverse/weekly_manifest_latest.csv.gz
Weekly rows: 5597 | SHA256: 15d14f30d9de...
Wrote: data/raw/nflverse/rosters_latest.csv.gz
Wrote: data/raw/nflverse/rosters_latest.parquet
Wrote: data/raw/nflverse/rosters_latest.head100.csv.gz
Wrote: data/raw/nflverse/rosters_manifest_latest.csv.gz
Rosters rows: 2686 | SHA256: b4ec8177e31c...
Wrote: data/raw/nflverse/weekly_latest.csv.gz
Wrote: data/raw/nflverse/weekly_latest.parquet
Wrote: data/raw/nflverse/weekly_latest.head100.csv.gz
Wrote: data/raw/nflverse/weekly_manifest_latest.csv.gz
Weekly rows: 5597 | SHA256: 15d14f30d9de...
Wrote: data/raw/nflverse/rosters_latest.csv.gz
Wrote: data/raw/nflverse/rosters_latest.parquet
Wrote: data/raw/nflverse/rosters_latest.head100.csv.gz
Wrote: data/raw/nflverse/rosters_manifest_latest.csv.gz
Rosters rows: 2686 | SHA256: b4ec8177e31c...
Wrote: data/raw/nflverse/weekly_latest.csv.gz
Wrote: data/raw/nflverse/weekly_latest.parquet
Wrote: data/raw/nflverse/weekly_latest.head100.csv.gz
Wrote: data/raw/nflverse/weekly_manifest_latest.csv.gz
Weekly rows: 5597 | SHA256: 15d14f30d9de...
Wrote: data/raw/nflverse/rosters_latest.csv.gz
Wrote: data/raw/nflverse/rosters_latest.parquet
Wrote: data/raw/nflverse/rosters_latest.head100.csv.gz
Wrote: data/raw/nflverse/rosters_manifest_latest.csv.gz
Rosters rows: 2686 | SHA256: b4ec8177e31c...
Wrote: data/raw/nflverse/weekly_latest.csv.gz
Wrote: data/raw/nflverse/weekly_latest.parquet
Wrote: data/raw/nflverse/weekly_latest.head100.csv.gz
Wrote: data/raw/nflverse/weekly_manifest_latest.csv.gz
Weekly rows: 5597 | SHA256: 15d14f30d9de...
Wrote: data/raw/nflverse/rosters_latest.csv.gz
Wrote: data/raw/nflverse/rosters_latest.parquet
Wrote: data/raw/nflverse/rosters_latest.head100.csv.gz
Wrote: data/raw/nflverse/rosters_manifest_latest.csv.gz
Rosters rows: 2686 | SHA256: b4ec8177e31c...
