Saved models -> /home/runner/work/football_for_mat/football_for_mat/models/pregame
Wrote metrics -> /home/runner/work/football_for_mat/football_for_mat/output/models/metrics_summary.csv
[WARN] Target column missing, skipping: qb_passing_yards
[WARN] Target column missing, skipping: rb_rushing_yards
[WARN] Target column missing, skipping: wr_rec_yards
[WARN] Target column missing, skipping: wrte_receptions
Wrote metrics -> /home/runner/work/football_for_mat/football_for_mat/output/models/metrics_summary.csv
Models dir -> /home/runner/work/football_for_mat/football_for_mat/models/pregame
[INFO] Wrote feature column list -> /home/runner/work/football_for_mat/football_for_mat/output/logs/features_columns.txt
[OK] Saved qb_passing_yards_20250911_7c24560.joblib for 'qb_passing_yards' (actual='passing_yards') sha256=9236227bfa...  mae=0.286 r2=1.000
[OK] Saved rb_rushing_yards_20250911_7c24560.joblib for 'rb_rushing_yards' (actual='rushing_yards') sha256=622af5a6be...  mae=0.549 r2=0.996
[OK] Saved wr_rec_yards_20250911_7c24560.joblib for 'wr_rec_yards' (actual='receiving_yards') sha256=9eebdf6eae...  mae=0.262 r2=0.999
[OK] Saved wrte_receptions_20250911_7c24560.joblib for 'wrte_receptions' (actual='receptions') sha256=bb6d314e2e...  mae=0.039 r2=0.998
[INFO] Wrote metrics -> /home/runner/work/football_for_mat/football_for_mat/output/models/metrics_summary.csv
[INFO] Models dir -> /home/runner/work/football_for_mat/football_for_mat/models/pregame
[INFO] Wrote feature column list -> /home/runner/work/football_for_mat/football_for_mat/output/logs/features_columns.txt
[OK] Saved qb_passing_yards_20250911_2b8a819.joblib for 'qb_passing_yards' (actual='passing_yards') sha256=9236227bfa...  mae=0.286 r2=1.000
[OK] Saved rb_rushing_yards_20250911_2b8a819.joblib for 'rb_rushing_yards' (actual='rushing_yards') sha256=622af5a6be...  mae=0.549 r2=0.996
[OK] Saved wr_rec_yards_20250911_2b8a819.joblib for 'wr_rec_yards' (actual='receiving_yards') sha256=9eebdf6eae...  mae=0.262 r2=0.999
[OK] Saved wrte_receptions_20250911_2b8a819.joblib for 'wrte_receptions' (actual='receptions') sha256=bb6d314e2e...  mae=0.039 r2=0.998
[INFO] Wrote metrics -> /home/runner/work/football_for_mat/football_for_mat/output/models/metrics_summary.csv
[INFO] Models dir -> /home/runner/work/football_for_mat/football_for_mat/models/pregame
