[ADD]  pass_attempts created.
[ADD]  rush_attempts created.
[ADD]  qb_sacks_taken created.
[ADD]  rushing_long created.
[WARN] rushing_long missing; placeholder.
[ADD]  longest_reception created.
[WARN] longest_reception missing; placeholder.
[ADD]  field_goals_made created.
[ADD]  field_goals_attempted created.
[ADD]  longest_field_goal created.
[ADD]  kicking_points created.
[ADD]  tackles_combined created.
[ADD]  tackles_assists created.
[ADD]  interceptions_def created.
[ADD]  passes_defended created.
[ADD]  team_points_for created.
[ADD]  game_total_points created.
[WARN] game_total_points not derivable. Placeholder created.
[OK] Wrote enriched features -> data/features/weekly_clean.csv.gz
---- SUMMARY ----
[MADE] pass_attempts (from generic attempts + QB heuristic)
[MADE] qb_sacks_taken (from sacks for QB-like rows)
[PASS] rush_attempts <- carries
[TODO] rushing_long
[TODO] longest_reception
[TODO] field_goals_made
[TODO] field_goals_attempted
[TODO] longest_field_goal
[TODO] kicking_points
[TODO] tackles_combined
[TODO] tackles_assists
[TODO] interceptions_def
[TODO] passes_defended
[TODO] team_points_for
[TODO] game_total_points
[ADD]  pass_attempts created.
[ADD]  rush_attempts created.
[ADD]  qb_sacks_taken created.
[ADD]  rushing_long created.
[WARN] rushing_long missing; placeholder.
[ADD]  longest_reception created.
[WARN] longest_reception missing; placeholder.
[ADD]  field_goals_made created.
[ADD]  field_goals_attempted created.
[ADD]  longest_field_goal created.
[ADD]  kicking_points created.
[ADD]  tackles_combined created.
[ADD]  tackles_assists created.
[ADD]  interceptions_def created.
[ADD]  passes_defended created.
[ADD]  team_points_for created.
[ADD]  game_total_points created.
[WARN] game_total_points not derivable. Placeholder created.
[OK] Wrote enriched features -> data/features/weekly_clean.csv.gz
---- SUMMARY ----
[MADE] pass_attempts (from generic attempts + QB heuristic)
[MADE] qb_sacks_taken (from sacks for QB-like rows)
[PASS] rush_attempts <- carries
[TODO] rushing_long
[TODO] longest_reception
[TODO] field_goals_made
[TODO] field_goals_attempted
[TODO] longest_field_goal
[TODO] kicking_points
[TODO] tackles_combined
[TODO] tackles_assists
[TODO] interceptions_def
[TODO] passes_defended
[TODO] team_points_for
[TODO] game_total_points
[ADD]  pass_attempts created.
[ADD]  rush_attempts created.
[ADD]  qb_sacks_taken created.
[ADD]  rushing_long created.
[WARN] rushing_long missing; placeholder.
[ADD]  longest_reception created.
[WARN] longest_reception missing; placeholder.
[ADD]  field_goals_made created.
[ADD]  field_goals_attempted created.
[ADD]  longest_field_goal created.
[ADD]  kicking_points created.
[ADD]  tackles_combined created.
[ADD]  tackles_assists created.
[ADD]  interceptions_def created.
[ADD]  passes_defended created.
[ADD]  team_points_for created.
[ADD]  game_total_points created.
[WARN] game_total_points not derivable. Placeholder created.
[OK] Wrote enriched features -> data/features/weekly_clean.csv.gz
---- SUMMARY ----
[MADE] pass_attempts (from generic attempts + QB heuristic)
[MADE] qb_sacks_taken (from sacks for QB-like rows)
[PASS] rush_attempts <- carries
[TODO] rushing_long
[TODO] longest_reception
[TODO] field_goals_made
[TODO] field_goals_attempted
[TODO] longest_field_goal
[TODO] kicking_points
[TODO] tackles_combined
[TODO] tackles_assists
[TODO] interceptions_def
[TODO] passes_defended
[TODO] team_points_for
[TODO] game_total_points
[ADD]  pass_attempts created.
[ADD]  rush_attempts created.
[ADD]  qb_sacks_taken created.
[ADD]  rushing_long created.
[WARN] rushing_long missing; placeholder.
[ADD]  longest_reception created.
[WARN] longest_reception missing; placeholder.
[ADD]  field_goals_made created.
[ADD]  field_goals_attempted created.
[ADD]  longest_field_goal created.
[ADD]  kicking_points created.
[ADD]  tackles_combined created.
[ADD]  tackles_assists created.
[ADD]  interceptions_def created.
[ADD]  passes_defended created.
[ADD]  team_points_for created.
[ADD]  game_total_points created.
[WARN] game_total_points not derivable. Placeholder created.
[OK] Wrote enriched features -> data/features/weekly_clean.csv.gz
---- SUMMARY ----
[MADE] pass_attempts (from generic attempts + QB heuristic)
[MADE] qb_sacks_taken (from sacks for QB-like rows)
[PASS] rush_attempts <- carries
[TODO] rushing_long
[TODO] longest_reception
[TODO] field_goals_made
[TODO] field_goals_attempted
[TODO] longest_field_goal
[TODO] kicking_points
[TODO] tackles_combined
[TODO] tackles_assists
[TODO] interceptions_def
[TODO] passes_defended
[TODO] team_points_for
[TODO] game_total_points
[ADD]  pass_attempts created.
[ADD]  rush_attempts created.
[ADD]  qb_sacks_taken created.
[ADD]  rushing_long created.
[WARN] rushing_long missing; placeholder.
[ADD]  longest_reception created.
[WARN] longest_reception missing; placeholder.
[ADD]  field_goals_made created.
[ADD]  field_goals_attempted created.
[ADD]  longest_field_goal created.
[ADD]  kicking_points created.
[ADD]  tackles_combined created.
[ADD]  tackles_assists created.
[ADD]  interceptions_def created.
[ADD]  passes_defended created.
[ADD]  team_points_for created.
[ADD]  game_total_points created.
[WARN] game_total_points not derivable. Placeholder created.
[OK] Wrote enriched features -> data/features/weekly_clean.csv.gz
---- SUMMARY ----
[MADE] pass_attempts (from generic attempts + QB heuristic)
[MADE] qb_sacks_taken (from sacks for QB-like rows)
[PASS] rush_attempts <- carries
[TODO] rushing_long
[TODO] longest_reception
[TODO] field_goals_made
[TODO] field_goals_attempted
[TODO] longest_field_goal
[TODO] kicking_points
[TODO] tackles_combined
[TODO] tackles_assists
[TODO] interceptions_def
[TODO] passes_defended
[TODO] team_points_for
[TODO] game_total_points
[ADD]  pass_attempts created.
[ADD]  rush_attempts created.
[ADD]  qb_sacks_taken created.
[ADD]  rushing_long created.
[WARN] rushing_long missing; placeholder.
[ADD]  longest_reception created.
[WARN] longest_reception missing; placeholder.
[ADD]  field_goals_made created.
[ADD]  field_goals_attempted created.
[ADD]  longest_field_goal created.
[ADD]  kicking_points created.
[ADD]  tackles_combined created.
[ADD]  tackles_assists created.
[ADD]  interceptions_def created.
[ADD]  passes_defended created.
[ADD]  team_points_for created.
[ADD]  game_total_points created.
[WARN] game_total_points not derivable. Placeholder created.
[OK] Wrote enriched features -> data/features/weekly_clean.csv.gz
---- SUMMARY ----
[MADE] pass_attempts (from generic attempts + QB heuristic)
[MADE] qb_sacks_taken (from sacks for QB-like rows)
[PASS] rush_attempts <- carries
[TODO] rushing_long
[TODO] longest_reception
[TODO] field_goals_made
[TODO] field_goals_attempted
[TODO] longest_field_goal
[TODO] kicking_points
[TODO] tackles_combined
[TODO] tackles_assists
[TODO] interceptions_def
[TODO] passes_defended
[TODO] team_points_for
[TODO] game_total_points
[ADD]  pass_attempts created.
[ADD]  rush_attempts created.
[ADD]  qb_sacks_taken created.
[ADD]  rushing_long created.
[WARN] rushing_long missing; placeholder.
[ADD]  longest_reception created.
[WARN] longest_reception missing; placeholder.
[ADD]  field_goals_made created.
[ADD]  field_goals_attempted created.
[ADD]  longest_field_goal created.
[ADD]  kicking_points created.
[ADD]  tackles_combined created.
[ADD]  tackles_assists created.
[ADD]  interceptions_def created.
[ADD]  passes_defended created.
[ADD]  team_points_for created.
[ADD]  game_total_points created.
[WARN] game_total_points not derivable. Placeholder created.
[OK] Wrote enriched features -> data/features/weekly_clean.csv.gz
---- SUMMARY ----
[MADE] pass_attempts (from generic attempts + QB heuristic)
[MADE] qb_sacks_taken (from sacks for QB-like rows)
[PASS] rush_attempts <- carries
[TODO] rushing_long
[TODO] longest_reception
[TODO] field_goals_made
[TODO] field_goals_attempted
[TODO] longest_field_goal
[TODO] kicking_points
[TODO] tackles_combined
[TODO] tackles_assists
[TODO] interceptions_def
[TODO] passes_defended
[TODO] team_points_for
[TODO] game_total_points
[ADD]  pass_attempts created.
[ADD]  rush_attempts created.
[ADD]  qb_sacks_taken created.
[ADD]  rushing_long created.
[WARN] rushing_long missing; placeholder.
[ADD]  longest_reception created.
[WARN] longest_reception missing; placeholder.
[ADD]  field_goals_made created.
[ADD]  field_goals_attempted created.
[ADD]  longest_field_goal created.
[ADD]  kicking_points created.
[ADD]  tackles_combined created.
[ADD]  tackles_assists created.
[ADD]  interceptions_def created.
[ADD]  passes_defended created.
[ADD]  team_points_for created.
[ADD]  game_total_points created.
[WARN] game_total_points not derivable. Placeholder created.
[OK] Wrote enriched features -> data/features/weekly_clean.csv.gz
---- SUMMARY ----
[MADE] pass_attempts (from generic attempts + QB heuristic)
[MADE] qb_sacks_taken (from sacks for QB-like rows)
[PASS] rush_attempts <- carries
[TODO] rushing_long
[TODO] longest_reception
[TODO] field_goals_made
[TODO] field_goals_attempted
[TODO] longest_field_goal
[TODO] kicking_points
[TODO] tackles_combined
[TODO] tackles_assists
[TODO] interceptions_def
[TODO] passes_defended
[TODO] team_points_for
[TODO] game_total_points
[ADD]  pass_attempts created.
[ADD]  rush_attempts created.
[ADD]  qb_sacks_taken created.
[ADD]  rushing_long created.
[WARN] rushing_long missing; placeholder.
[ADD]  longest_reception created.
[WARN] longest_reception missing; placeholder.
[ADD]  field_goals_made created.
[ADD]  field_goals_attempted created.
[ADD]  longest_field_goal created.
[ADD]  kicking_points created.
[ADD]  tackles_combined created.
[ADD]  tackles_assists created.
[ADD]  interceptions_def created.
[ADD]  passes_defended created.
[ADD]  team_points_for created.
[ADD]  game_total_points created.
[WARN] game_total_points not derivable. Placeholder created.
[OK] Wrote enriched features -> data/features/weekly_clean.csv.gz
---- SUMMARY ----
[MADE] pass_attempts (from generic attempts + QB heuristic)
[MADE] qb_sacks_taken (from sacks for QB-like rows)
[PASS] rush_attempts <- carries
[TODO] rushing_long
[TODO] longest_reception
[TODO] field_goals_made
[TODO] field_goals_attempted
[TODO] longest_field_goal
[TODO] kicking_points
[TODO] tackles_combined
[TODO] tackles_assists
[TODO] interceptions_def
[TODO] passes_defended
[TODO] team_points_for
[TODO] game_total_points
