RUN_ID: 17552603862
REPO:   Clownworldenjoyer76/football_for_mat
BRANCH: main
TIME:   2025-09-08 13:34:15 UTC
SEASON: 
WEEK:   
PULL_ODDS: 0
----------------------------------------
Requirement already satisfied: pip in /opt/hostedtoolcache/Python/3.10.18/x64/lib/python3.10/site-packages (25.2)
Collecting pandas==1.5.3 (from -r requirements.txt (line 1))
  Downloading pandas-1.5.3-cp310-cp310-manylinux_2_17_x86_64.manylinux2014_x86_64.whl.metadata (11 kB)
Collecting numpy==1.26.4 (from -r requirements.txt (line 2))
  Downloading numpy-1.26.4-cp310-cp310-manylinux_2_17_x86_64.manylinux2014_x86_64.whl.metadata (61 kB)
Collecting scikit-learn==1.4.2 (from -r requirements.txt (line 3))
  Downloading scikit_learn-1.4.2-cp310-cp310-manylinux_2_17_x86_64.manylinux2014_x86_64.whl.metadata (11 kB)
Collecting lightgbm==4.3.0 (from -r requirements.txt (line 4))
  Downloading lightgbm-4.3.0-py3-none-manylinux_2_28_x86_64.whl.metadata (19 kB)
Collecting xgboost==2.0.3 (from -r requirements.txt (line 5))
  Downloading xgboost-2.0.3-py3-none-manylinux2014_x86_64.whl.metadata (2.0 kB)
Collecting scipy==1.10.1 (from -r requirements.txt (line 6))
  Downloading scipy-1.10.1-cp310-cp310-manylinux_2_17_x86_64.manylinux2014_x86_64.whl.metadata (58 kB)
Collecting pyarrow==14.0.2 (from -r requirements.txt (line 7))
  Downloading pyarrow-14.0.2-cp310-cp310-manylinux_2_28_x86_64.whl.metadata (3.0 kB)
Collecting nfl_data_py==0.3.3 (from -r requirements.txt (line 8))
  Downloading nfl_data_py-0.3.3-py3-none-any.whl.metadata (12 kB)
Collecting pyyaml==6.0.2 (from -r requirements.txt (line 9))
  Downloading PyYAML-6.0.2-cp310-cp310-manylinux_2_17_x86_64.manylinux2014_x86_64.whl.metadata (2.1 kB)
Collecting requests (from -r requirements.txt (line 10))
  Downloading requests-2.32.5-py3-none-any.whl.metadata (4.9 kB)
Collecting python-dateutil>=2.8.1 (from pandas==1.5.3->-r requirements.txt (line 1))
  Downloading python_dateutil-2.9.0.post0-py2.py3-none-any.whl.metadata (8.4 kB)
Collecting pytz>=2020.1 (from pandas==1.5.3->-r requirements.txt (line 1))
  Downloading pytz-2025.2-py2.py3-none-any.whl.metadata (22 kB)
Collecting joblib>=1.2.0 (from scikit-learn==1.4.2->-r requirements.txt (line 3))
  Downloading joblib-1.5.2-py3-none-any.whl.metadata (5.6 kB)
Collecting threadpoolctl>=2.0.0 (from scikit-learn==1.4.2->-r requirements.txt (line 3))
  Downloading threadpoolctl-3.6.0-py3-none-any.whl.metadata (13 kB)
Collecting appdirs>1 (from nfl_data_py==0.3.3->-r requirements.txt (line 8))
  Downloading appdirs-1.4.4-py2.py3-none-any.whl.metadata (9.0 kB)
Collecting fastparquet>0.5 (from nfl_data_py==0.3.3->-r requirements.txt (line 8))
  Downloading fastparquet-2024.11.0-cp310-cp310-manylinux_2_17_x86_64.manylinux2014_x86_64.whl.metadata (4.2 kB)
Collecting charset_normalizer<4,>=2 (from requests->-r requirements.txt (line 10))
  Downloading charset_normalizer-3.4.3-cp310-cp310-manylinux2014_x86_64.manylinux_2_17_x86_64.manylinux_2_28_x86_64.whl.metadata (36 kB)
Collecting idna<4,>=2.5 (from requests->-r requirements.txt (line 10))
  Downloading idna-3.10-py3-none-any.whl.metadata (10 kB)
Collecting urllib3<3,>=1.21.1 (from requests->-r requirements.txt (line 10))
  Downloading urllib3-2.5.0-py3-none-any.whl.metadata (6.5 kB)
Collecting certifi>=2017.4.17 (from requests->-r requirements.txt (line 10))
  Downloading certifi-2025.8.3-py3-none-any.whl.metadata (2.4 kB)
Collecting cramjam>=2.3 (from fastparquet>0.5->nfl_data_py==0.3.3->-r requirements.txt (line 8))
  Downloading cramjam-2.11.0-cp310-cp310-manylinux_2_17_x86_64.manylinux2014_x86_64.whl.metadata (5.6 kB)
Collecting fsspec (from fastparquet>0.5->nfl_data_py==0.3.3->-r requirements.txt (line 8))
  Downloading fsspec-2025.9.0-py3-none-any.whl.metadata (10 kB)
Collecting packaging (from fastparquet>0.5->nfl_data_py==0.3.3->-r requirements.txt (line 8))
  Downloading packaging-25.0-py3-none-any.whl.metadata (3.3 kB)
Collecting six>=1.5 (from python-dateutil>=2.8.1->pandas==1.5.3->-r requirements.txt (line 1))
  Downloading six-1.17.0-py2.py3-none-any.whl.metadata (1.7 kB)
Downloading pandas-1.5.3-cp310-cp310-manylinux_2_17_x86_64.manylinux2014_x86_64.whl (12.1 MB)
   ━━━━━━━━━━━━━━━━━━━━━━━━━━━━━━━━━━━━━━━━ 12.1/12.1 MB 102.7 MB/s  0:00:00
Downloading numpy-1.26.4-cp310-cp310-manylinux_2_17_x86_64.manylinux2014_x86_64.whl (18.2 MB)
   ━━━━━━━━━━━━━━━━━━━━━━━━━━━━━━━━━━━━━━━━ 18.2/18.2 MB 171.4 MB/s  0:00:00
Downloading scikit_learn-1.4.2-cp310-cp310-manylinux_2_17_x86_64.manylinux2014_x86_64.whl (12.1 MB)
   ━━━━━━━━━━━━━━━━━━━━━━━━━━━━━━━━━━━━━━━━ 12.1/12.1 MB 151.5 MB/s  0:00:00
Downloading lightgbm-4.3.0-py3-none-manylinux_2_28_x86_64.whl (3.1 MB)
   ━━━━━━━━━━━━━━━━━━━━━━━━━━━━━━━━━━━━━━━━ 3.1/3.1 MB 140.2 MB/s  0:00:00
Downloading xgboost-2.0.3-py3-none-manylinux2014_x86_64.whl (297.1 MB)
   ━━━━━━━━━━━━━━━━━━━━━━━━━━━━━━━━━━━━━━━━ 297.1/297.1 MB 143.9 MB/s  0:00:02
Downloading scipy-1.10.1-cp310-cp310-manylinux_2_17_x86_64.manylinux2014_x86_64.whl (34.4 MB)
   ━━━━━━━━━━━━━━━━━━━━━━━━━━━━━━━━━━━━━━━━ 34.4/34.4 MB 173.1 MB/s  0:00:00
Downloading pyarrow-14.0.2-cp310-cp310-manylinux_2_28_x86_64.whl (38.0 MB)
   ━━━━━━━━━━━━━━━━━━━━━━━━━━━━━━━━━━━━━━━━ 38.0/38.0 MB 189.3 MB/s  0:00:00
Downloading nfl_data_py-0.3.3-py3-none-any.whl (13 kB)
Downloading PyYAML-6.0.2-cp310-cp310-manylinux_2_17_x86_64.manylinux2014_x86_64.whl (751 kB)
   ━━━━━━━━━━━━━━━━━━━━━━━━━━━━━━━━━━━━━━━━ 751.2/751.2 kB 110.9 MB/s  0:00:00
Downloading requests-2.32.5-py3-none-any.whl (64 kB)
Downloading charset_normalizer-3.4.3-cp310-cp310-manylinux2014_x86_64.manylinux_2_17_x86_64.manylinux_2_28_x86_64.whl (152 kB)
Downloading idna-3.10-py3-none-any.whl (70 kB)
Downloading urllib3-2.5.0-py3-none-any.whl (129 kB)
Downloading appdirs-1.4.4-py2.py3-none-any.whl (9.6 kB)
Downloading certifi-2025.8.3-py3-none-any.whl (161 kB)
Downloading fastparquet-2024.11.0-cp310-cp310-manylinux_2_17_x86_64.manylinux2014_x86_64.whl (1.7 MB)
   ━━━━━━━━━━━━━━━━━━━━━━━━━━━━━━━━━━━━━━━━ 1.7/1.7 MB 137.0 MB/s  0:00:00
Downloading cramjam-2.11.0-cp310-cp310-manylinux_2_17_x86_64.manylinux2014_x86_64.whl (2.0 MB)
   ━━━━━━━━━━━━━━━━━━━━━━━━━━━━━━━━━━━━━━━━ 2.0/2.0 MB 164.4 MB/s  0:00:00
Downloading joblib-1.5.2-py3-none-any.whl (308 kB)
Downloading python_dateutil-2.9.0.post0-py2.py3-none-any.whl (229 kB)
Downloading pytz-2025.2-py2.py3-none-any.whl (509 kB)
Downloading six-1.17.0-py2.py3-none-any.whl (11 kB)
Downloading threadpoolctl-3.6.0-py3-none-any.whl (18 kB)
Downloading fsspec-2025.9.0-py3-none-any.whl (199 kB)
Downloading packaging-25.0-py3-none-any.whl (66 kB)
Installing collected packages: pytz, appdirs, urllib3, threadpoolctl, six, pyyaml, packaging, numpy, joblib, idna, fsspec, cramjam, charset_normalizer, certifi, scipy, requests, python-dateutil, pyarrow, xgboost, scikit-learn, pandas, lightgbm, fastparquet, nfl_data_py

Successfully installed appdirs-1.4.4 certifi-2025.8.3 charset_normalizer-3.4.3 cramjam-2.11.0 fastparquet-2024.11.0 fsspec-2025.9.0 idna-3.10 joblib-1.5.2 lightgbm-4.3.0 nfl_data_py-0.3.3 numpy-1.26.4 packaging-25.0 pandas-1.5.3 pyarrow-14.0.2 python-dateutil-2.9.0.post0 pytz-2025.2 pyyaml-6.0.2 requests-2.32.5 scikit-learn-1.4.2 scipy-1.10.1 six-1.17.0 threadpoolctl-3.6.0 urllib3-2.5.0 xgboost-2.0.3
Deps installed OK
[Step01] scripts/01_pull_nflverse.py
Wrote: data/raw/nflverse/play_by_play_latest.csv.gz
Wrote: data/raw/nflverse/pbp_latest.parquet
Wrote: data/raw/nflverse/pbp_latest.head100.csv.gz
Wrote: data/raw/nflverse/manifest_latest.csv.gz
PBP rows: 49492 | Year: 2024 | SHA256: f70750734017...
Wrote: data/raw/nflverse/weekly_latest.csv.gz
Wrote: data/raw/nflverse/weekly_latest.parquet
Wrote: data/raw/nflverse/weekly_latest.head100.csv.gz
Wrote: data/raw/nflverse/weekly_manifest_latest.csv.gz
Weekly rows: 5597 | SHA256: 15d14f30d9de...
Wrote: data/raw/nflverse/rosters_latest.csv.gz
Wrote: data/raw/nflverse/rosters_latest.parquet
Wrote: data/raw/nflverse/rosters_latest.head100.csv.gz
Wrote: data/raw/nflverse/rosters_manifest_latest.csv.gz
Rosters rows: 2670 | SHA256: be0df5ff3b6c...
[Step01] DONE
[Step02] scripts/02_build_features.py
wrote data/features/weekly_clean.csv.gz  rows=66574 cols=95
wrote data/features/manifest.csv
wrote data/features/_build_features_summary.txt
[Step02] DONE
[Step03] scripts/03_train_models.py
Saved models -> /home/runner/work/football_for_mat/football_for_mat/models/pregame
Wrote metrics -> /home/runner/work/football_for_mat/football_for_mat/output/models/metrics_summary.csv
[Step03] DONE
[Step04] scripts/04_predict_pregame.py
Pregame predictions complete
Rows: 66,574 | Targets: 46
Wrote: /home/runner/work/football_for_mat/football_for_mat/data/predictions/pregame/predictions_all.csv.gz
Wrote: /home/runner/work/football_for_mat/football_for_mat/output/predictions/pregame/predictions_all.csv.gz
[Step04] DONE
----------------------------------------
JOB STATUS: success
END TIME:   2025-09-08 14:38:46 UTC
